<?xml version="1.0" encoding="UTF-8"?>
<testng-results skipped="0" failed="0" ignored="0" total="1" passed="1">
  <reporter-output>
  </reporter-output>
  <suite name="Default suite" duration-ms="77229" started-at="2018-12-22T01:00:43Z" finished-at="2018-12-22T01:02:00Z">
    <groups>
    </groups>
    <test name="Default test" duration-ms="77229" started-at="2018-12-22T01:00:43Z" finished-at="2018-12-22T01:02:00Z">
      <class name="com.automate.jqueryui.AutomateJQuaryuiTest">
        <test-method status="PASS" signature="automateJquryuiWebsite()[pri:0, instance:com.automate.jqueryui.AutomateJQuaryuiTest@68be2bc2]" name="automateJquryuiWebsite" duration-ms="77114" started-at="2018-12-21T20:00:43Z" finished-at="2018-12-21T20:02:00Z">
          <reporter-output>
          </reporter-output>
        </test-method> <!-- automateJquryuiWebsite -->
      </class> <!-- com.automate.jqueryui.AutomateJQuaryuiTest -->
    </test> <!-- Default test -->
  </suite> <!-- Default suite -->
</testng-results>
